[debug] [2025-07-27T09:34:16.023Z] ----------------------------------------------------------------------
[debug] [2025-07-27T09:34:16.025Z] Command:       C:\Program Files\nodejs\node.exe C:\Users\Anushka Abhilash\AppData\Roaming\npm\node_modules\firebase-tools\lib\bin\firebase.js init
[debug] [2025-07-27T09:34:16.025Z] CLI Version:   14.11.1
[debug] [2025-07-27T09:34:16.025Z] Platform:      win32
[debug] [2025-07-27T09:34:16.025Z] Node Version:  v22.17.1
[debug] [2025-07-27T09:34:16.025Z] Time:          Sun Jul 27 2025 15:04:16 GMT+0530 (India Standard Time)
[debug] [2025-07-27T09:34:16.025Z] ----------------------------------------------------------------------
[debug] 
[debug] [2025-07-27T09:34:16.029Z] > command requires scopes: ["email","openid","https://www.googleapis.com/auth/cloudplatformprojects.readonly","https://www.googleapis.com/auth/firebase","https://www.googleapis.com/auth/cloud-platform"]
[debug] [2025-07-27T09:34:16.029Z] > authorizing via signed-in user (blinkinggirl01@gmail.com)
[info] 
     ######## #### ########  ######## ########     ###     ######  ########
     ##        ##  ##     ## ##       ##     ##  ##   ##  ##       ##
     ######    ##  ########  ######   ########  #########  ######  ######
     ##        ##  ##    ##  ##       ##     ## ##     ##       ## ##
     ##       #### ##     ## ######## ########  ##     ##  ######  ########

You're about to initialize a Firebase project in this directory:

  C:\Users\Anushka Abhilash\OneDrive\Documents\java projects\crochetwebsite

[info] 
=== Project Setup
[info] 
[info] First, let's associate this project directory with a Firebase project.
[info] You can create multiple project aliases by running firebase use --add, 
[info] but for now we'll just set up a default project.
[info] 
[debug] [2025-07-27T09:35:34.340Z] Checked if tokens are valid: true, expires at: 1753612434713
[debug] [2025-07-27T09:35:34.341Z] Checked if tokens are valid: true, expires at: 1753612434713
[debug] [2025-07-27T09:35:34.342Z] >>> [apiv2][query] GET https://firebase.googleapis.com/v1beta1/projects pageSize=100
[debug] [2025-07-27T09:35:35.285Z] <<< [apiv2][status] GET https://firebase.googleapis.com/v1beta1/projects 200
[debug] [2025-07-27T09:35:35.285Z] <<< [apiv2][body] GET https://firebase.googleapis.com/v1beta1/projects [omitted]
[info] i  Using project dreamstone-3c8bc (dreamstone) 
[info] 
=== Hosting Setup
[debug] [2025-07-27T09:35:37.089Z] Checked if tokens are valid: true, expires at: 1753612434713
[debug] [2025-07-27T09:35:37.089Z] Checked if tokens are valid: true, expires at: 1753612434713
[debug] [2025-07-27T09:35:37.089Z] >>> [apiv2][query] GET https://firebase.googleapis.com/v1beta1/projects/dreamstone-3c8bc [none]
[debug] [2025-07-27T09:35:37.455Z] <<< [apiv2][status] GET https://firebase.googleapis.com/v1beta1/projects/dreamstone-3c8bc 200
[debug] [2025-07-27T09:35:37.455Z] <<< [apiv2][body] GET https://firebase.googleapis.com/v1beta1/projects/dreamstone-3c8bc {"projectId":"dreamstone-3c8bc","projectNumber":"250194150587","displayName":"dreamstone","name":"projects/dreamstone-3c8bc","resources":{"hostingSite":"dreamstone-3c8bc"},"state":"ACTIVE","etag":"1_eaa65ee7-52bc-4e71-bb8c-74591d15ed4e"}
[info] 
[info] Your public directory is the folder (relative to your project directory) that
[info] will contain Hosting assets to be uploaded with firebase deploy. If you
[info] have a build process for your assets, use your build's output directory.
[info] 
[info] +  Wrote public/404.html 
[debug] [2025-07-27T09:39:01.290Z] >>> [apiv2][query] GET https://www.gstatic.com/firebasejs/releases.json [none]
[debug] [2025-07-27T09:39:01.385Z] <<< [apiv2][status] GET https://www.gstatic.com/firebasejs/releases.json 200
[debug] [2025-07-27T09:39:01.385Z] <<< [apiv2][body] GET https://www.gstatic.com/firebasejs/releases.json {"current":{"version":"12.0.0","browserURL":"https://www.gstatic.com/firebasejs/12.0.0/firebase.js","packageURL":"https://www.gstatic.com/firebasejs/12.0.0/firebase.tgz"},"live":{"version":"12.0","browserURL":"https://www.gstatic.com/firebasejs/live/12.0/firebase.js","packageURL":"https://www.gstatic.com/firebasejs/live/12.0/firebase.tgz"},"components":{"ai":"https://www.gstatic.com/firebasejs/12.0.0/firebase-ai.js","analytics":"https://www.gstatic.com/firebasejs/12.0.0/firebase-analytics.js","app":"https://www.gstatic.com/firebasejs/12.0.0/firebase-app.js","app-check":"https://www.gstatic.com/firebasejs/12.0.0/firebase-app-check.js","auth":"https://www.gstatic.com/firebasejs/12.0.0/firebase-auth.js","auth/cordova":"https://www.gstatic.com/firebasejs/12.0.0/firebase-auth/cordova.js","auth/web-extension":"https://www.gstatic.com/firebasejs/12.0.0/firebase-auth/web-extension.js","functions":"https://www.gstatic.com/firebasejs/12.0.0/firebase-functions.js","firestore":"https://www.gstatic.com/firebasejs/12.0.0/firebase-firestore.js","firestore/lite":"https://www.gstatic.com/firebasejs/12.0.0/firebase-firestore/lite.js","installations":"https://www.gstatic.com/firebasejs/12.0.0/firebase-installations.js","storage":"https://www.gstatic.com/firebasejs/12.0.0/firebase-storage.js","performance":"https://www.gstatic.com/firebasejs/12.0.0/firebase-performance.js","remote-config":"https://www.gstatic.com/firebasejs/12.0.0/firebase-remote-config.js","messaging":"https://www.gstatic.com/firebasejs/12.0.0/firebase-messaging.js","messaging/sw":"https://www.gstatic.com/firebasejs/12.0.0/firebase-messaging/sw.js","database":"https://www.gstatic.com/firebasejs/12.0.0/firebase-database.js","data-connect":"https://www.gstatic.com/firebasejs/12.0.0/firebase-data-connect.js","firestore.memory":"https://www.gstatic.com/firebasejs/12.0.0/firebase-firestore.memory.js"}}
[info] +  Wrote public/index.html 
[info] 
[info] i  Didn't detect a .git folder. Assuming C:\Users\Anushka Abhilash\OneDrive\Documents\java projects\crochetwebsite is the project root. 
[info] i  Authorizing with GitHub to upload your service account to a GitHub repository's secrets store. 
[info] 
[info] Visit this URL on this device to log in:
[info] https://github.com/login/oauth/authorize?client_id=89cf50f02ac6aaed3484&state=854612513&redirect_uri=http%3A%2F%2Flocalhost%3A9005&scope=read%3Auser%20repo%20public_repo
[info] 
[info] Waiting for authentication...
[debug] [2025-07-27T09:39:14.233Z] >>> [apiv2][query] POST https://github.com/login/oauth/access_token [none]
[debug] [2025-07-27T09:39:14.233Z] >>> [apiv2][body] POST https://github.com/login/oauth/access_token [stream]
[debug] [2025-07-27T09:39:14.998Z] <<< [apiv2][status] POST https://github.com/login/oauth/access_token 200
[debug] [2025-07-27T09:39:14.999Z] <<< [apiv2][body] POST https://github.com/login/oauth/access_token {"access_token":"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","token_type":"bearer","scope":"read:user,repo"}
[debug] [2025-07-27T09:39:15.004Z] >>> [apiv2][query] GET https://api.github.com/user [none]
[debug] [2025-07-27T09:39:15.633Z] <<< [apiv2][status] GET https://api.github.com/user 200
[debug] [2025-07-27T09:39:15.633Z] <<< [apiv2][body] GET https://api.github.com/user {"login":"Copanda01","id":180178373,"node_id":"U_kgDOCr1NxQ","avatar_url":"https://avatars.githubusercontent.com/u/180178373?v=4","gravatar_id":"","url":"https://api.github.com/users/Copanda01","html_url":"https://github.com/Copanda01","followers_url":"https://api.github.com/users/Copanda01/followers","following_url":"https://api.github.com/users/Copanda01/following{/other_user}","gists_url":"https://api.github.com/users/Copanda01/gists{/gist_id}","starred_url":"https://api.github.com/users/Copanda01/starred{/owner}{/repo}","subscriptions_url":"https://api.github.com/users/Copanda01/subscriptions","organizations_url":"https://api.github.com/users/Copanda01/orgs","repos_url":"https://api.github.com/users/Copanda01/repos","events_url":"https://api.github.com/users/Copanda01/events{/privacy}","received_events_url":"https://api.github.com/users/Copanda01/received_events","type":"User","user_view_type":"private","site_admin":false,"name":null,"company":null,"blog":"","location":null,"email":null,"hireable":null,"bio":null,"twitter_username":null,"notification_email":null,"public_repos":0,"public_gists":0,"followers":0,"following":0,"created_at":"2024-09-02T11:30:22Z","updated_at":"2025-07-27T09:39:03Z","private_gists":0,"total_private_repos":0,"owned_private_repos":0,"disk_usage":0,"collaborators":0,"two_factor_authentication":false,"plan":{"name":"free","space":976562499,"collaborators":0,"private_repos":10000}}
[info] 
[info] +  Success! Logged into GitHub as Copanda01 
[info] 
